生成启动时间为 2018/12/14 14:57:48。
     1>项目“C:\Users\Administrator\Desktop\project1\project-1\服务端\server\server\server.vcxproj”在节点 2 上(Build 个目标)。
     1>ClCompile:
         D:\VS2013\VC\bin\CL.exe /c /ZI /nologo /W3 /WX- /sdl /Od /Oy- /D _MBCS /Gm /EHsc /RTC1 /MDd /GS /fp:precise /Zc:wchar_t /Zc:forScope /Fo"Debug\\" /Fd"Debug\vc120.pdb" /Gd /TP /analyze- /errorReport:prompt BaseASN1.cpp Codec.cpp CodecFactory.cpp ItcastLog.cpp main.cpp RequestCodec.cpp RequestFactory.cpp RespondCodec.cpp RespondFactory.cpp SecKeyShm.cpp SequenceASN1.cpp ServerOperation.cpp ShareMemory.cpp TcpServer.cpp TcpSocket.cpp
         TcpSocket.cpp
     1>c:\users\administrator\desktop\project1\project-1\服务端\server\server\tcpsocket.cpp(2): fatal error C1083: 无法打开包括文件: “unistd.h”: No such file or directory
         TcpServer.cpp
     1>c:\users\administrator\desktop\project1\project-1\服务端\server\server\tcpserver.h(2): fatal error C1083: 无法打开包括文件: “netinet/in.h”: No such file or directory
         ShareMemory.cpp
     1>c:\users\administrator\desktop\project1\project-1\服务端\server\server\sharememory.cpp(1): fatal error C1083: 无法打开包括文件: “sys/ipc.h”: No such file or directory
         ServerOperation.cpp
     1>c:\users\administrator\desktop\project1\project-1\服务端\server\server\sharememory.h(2): fatal error C1083: 无法打开包括文件: “sys/ipc.h”: No such file or directory
         SequenceASN1.cpp
         SecKeyShm.cpp
     1>c:\users\administrator\desktop\project1\project-1\服务端\server\server\sharememory.h(2): fatal error C1083: 无法打开包括文件: “sys/ipc.h”: No such file or directory
         RespondFactory.cpp
     1>c:\users\administrator\desktop\project1\project-1\服务端\server\server\respondfactory.cpp : warning C4819: 该文件包含不能在当前代码页(936)中表示的字符。请将该文件保存为 Unicode 格式以防止数据丢失
     1>c:\users\administrator\desktop\project1\project-1\服务端\server\server\respondcodec.h(16): error C4996: 'strcpy': This function or variable may be unsafe. Consider using strcpy_s instead. To disable deprecation, use _CRT_SECURE_NO_WARNINGS. See online help for details.
                 d:\vs2013\vc\include\string.h(112) : 参见“strcpy”的声明
         RespondCodec.cpp
     1>c:\users\administrator\desktop\project1\project-1\服务端\server\server\respondcodec.h(16): error C4996: 'strcpy': This function or variable may be unsafe. Consider using strcpy_s instead. To disable deprecation, use _CRT_SECURE_NO_WARNINGS. See online help for details.
                 d:\vs2013\vc\include\string.h(112) : 参见“strcpy”的声明
         RequestFactory.cpp
         RequestCodec.cpp
         main.cpp
     1>c:\users\administrator\desktop\project1\project-1\服务端\server\server\main.cpp : warning C4819: 该文件包含不能在当前代码页(936)中表示的字符。请将该文件保存为 Unicode 格式以防止数据丢失
     1>c:\users\administrator\desktop\project1\project-1\服务端\server\server\sharememory.h(2): fatal error C1083: 无法打开包括文件: “sys/ipc.h”: No such file or directory
         ItcastLog.cpp
     1>c:\users\administrator\desktop\project1\project-1\服务端\server\server\itcastlog.cpp(34): error C4996: 'localtime': This function or variable may be unsafe. Consider using localtime_s instead. To disable deprecation, use _CRT_SECURE_NO_WARNINGS. See online help for details.
                 d:\vs2013\vc\include\time.inl(112) : 参见“localtime”的声明
         CodecFactory.cpp
         Codec.cpp
         BaseASN1.cpp
     1>c:\users\administrator\desktop\project1\project-1\服务端\server\server\baseasn1.cpp(360): warning C4244: “=”: 从“ITCAST_UINT32”转换到“ITCAST_UINT8”，可能丢失数据
     1>c:\users\administrator\desktop\project1\project-1\服务端\server\server\baseasn1.cpp(374): warning C4244: “=”: 从“const ITCAST_UINT32”转换到“ITCAST_UINT8”，可能丢失数据
     1>c:\users\administrator\desktop\project1\project-1\服务端\server\server\baseasn1.cpp(494): warning C4244: “初始化”: 从“const ITCAST_UINT32”转换到“ITCAST_UINT8”，可能丢失数据
     1>c:\users\administrator\desktop\project1\project-1\服务端\server\server\baseasn1.cpp(577): warning C4244: “初始化”: 从“const ITCAST_UINT32”转换到“ITCAST_UINT8”，可能丢失数据
     1>c:\users\administrator\desktop\project1\project-1\服务端\server\server\baseasn1.cpp(796): warning C4244: “初始化”: 从“const ITCAST_UINT32”转换到“ITCAST_UINT8”，可能丢失数据
     1>c:\users\administrator\desktop\project1\project-1\服务端\server\server\baseasn1.cpp(817): warning C4244: “=”: 从“const ITCAST_UINT32”转换到“ITCAST_UINT8”，可能丢失数据
     1>c:\users\administrator\desktop\project1\project-1\服务端\server\server\baseasn1.cpp(1017): warning C4244: “初始化”: 从“const ITCAST_UINT32”转换到“ITCAST_UINT8”，可能丢失数据
         正在生成代码...
     1>已完成生成项目“C:\Users\Administrator\Desktop\project1\project-1\服务端\server\server\server.vcxproj”(Build 个目标)的操作 - 失败。

生成失败。

已用时间 00:00:03.58
